Build started 9/12/2014 12:08:28 PM.
     1>Project "D:\Programming\Cygwin\home\Jared\Assignment1\SERVER\WIN32 server\WIN32 server\WIN32 server.vcxproj" on node 2 (build target(s)).
     1>InitializeBuildStatus:
         Creating "Debug\WIN32 server.unsuccessfulbuild" because "AlwaysCreate" was specified.
       ClCompile:
         d:\Programs\C++ Visual Studio 2010 Express\VC\bin\CL.exe /c /ZI /nologo /W3 /WX- /Od /Oy- /D WIN32 /D _DEBUG /D _CONSOLE /D _MBCS /Gm /EHsc /RTC1 /MDd /GS /fp:precise /Zc:wchar_t /Zc:forScope /Fo"Debug\\" /Fd"Debug\vc100.pdb" /Gd /TC /analyze- /errorReport:prompt ..\..\clocks.c ..\..\system.c
         system.c
     1>d:\programming\cygwin\home\jared\assignment1\server\system.c(36): warning C4996: 'sprintf': This function or variable may be unsafe. Consider using sprintf_s instead. To disable deprecation, use _CRT_SECURE_NO_WARNINGS. See online help for details.
                 d:\programs\c++ visual studio 2010 express\vc\include\stdio.h(371) : see declaration of 'sprintf'
         clocks.c
     1>d:\programming\cygwin\home\jared\assignment1\server\clocks.c(56): warning C4244: 'return' : conversion from '__int64' to 'unsigned long', possible loss of data
         Generating Code...
       ManifestResourceCompile:
         All outputs are up-to-date.
       Link:
         d:\Programs\C++ Visual Studio 2010 Express\VC\bin\link.exe /ERRORREPORT:PROMPT /OUT:"D:\Programming\Cygwin\home\Jared\Assignment1\SERVER\WIN32 server\Debug\WIN32 server.exe" /INCREMENTAL /NOLOGO kernel32.lib user32.lib gdi32.lib winspool.lib comdlg32.lib advapi32.lib shell32.lib ole32.lib oleaut32.lib uuid.lib odbc32.lib odbccp32.lib kernel32.lib user32.lib gdi32.lib winspool.lib comdlg32.lib advapi32.lib shell32.lib ole32.lib oleaut32.lib uuid.lib odbc32.lib odbccp32.lib /MANIFEST /ManifestFile:"Debug\WIN32 server.exe.intermediate.manifest" /MANIFESTUAC:"level='asInvoker' uiAccess='false'" /DEBUG /PDB:"D:\Programming\Cygwin\home\Jared\Assignment1\SERVER\WIN32 server\Debug\WIN32 server.pdb" /SUBSYSTEM:CONSOLE /TLBID:1 /DYNAMICBASE /NXCOMPAT /IMPLIB:"D:\Programming\Cygwin\home\Jared\Assignment1\SERVER\WIN32 server\Debug\WIN32 server.lib" /MACHINE:X86 "Debug\WIN32 server.exe.embed.manifest.res"
         Debug\clocks.obj
         Debug\file.obj
         Debug\init.obj
         Debug\listing.obj
         Debug\main.obj
         Debug\system.obj
       Manifest:
         C:\Program Files (x86)\Microsoft SDKs\Windows\v7.0A\bin\mt.exe /nologo /verbose /out:"Debug\WIN32 server.exe.embed.manifest" /manifest "Debug\WIN32 server.exe.intermediate.manifest"
         All outputs are up-to-date.
       LinkEmbedManifest:
         All outputs are up-to-date.
         WIN32 server.vcxproj -> D:\Programming\Cygwin\home\Jared\Assignment1\SERVER\WIN32 server\Debug\WIN32 server.exe
       FinalizeBuildStatus:
         Deleting file "Debug\WIN32 server.unsuccessfulbuild".
         Touching "Debug\WIN32 server.lastbuildstate".
     1>Done Building Project "D:\Programming\Cygwin\home\Jared\Assignment1\SERVER\WIN32 server\WIN32 server\WIN32 server.vcxproj" (build target(s)).

Build succeeded.

Time Elapsed 00:00:01.31
