Build started 9/12/2014 9:12:42 AM.
     1>Project "D:\Programming\Cygwin\home\Jared\Assignment1\SERVER\WIN32 server\WIN32 server\WIN32 server.vcxproj" on node 2 (build target(s)).
     1>InitializeBuildStatus:
         Creating "Release\WIN32 server.unsuccessfulbuild" because "AlwaysCreate" was specified.
       ClCompile:
         d:\Programs\C++ Visual Studio 2010 Express\VC\bin\CL.exe /c /Zi /nologo /W3 /WX- /O2 /Oi /Oy- /GL /D WIN32 /D NDEBUG /D _CONSOLE /D _UNICODE /D UNICODE /Gm- /EHsc /MD /GS /Gy /fp:precise /Zc:wchar_t /Zc:forScope /Fo"Release\\" /Fd"Release\vc100.pdb" /Gd /TC /analyze- /errorReport:prompt ..\..\system.c
         system.c
     1>..\..\system.c(36): warning C4133: 'function' : incompatible types - from 'char [16]' to 'LPWSTR'
     1>..\..\system.c(38): warning C4996: 'sprintf': This function or variable may be unsafe. Consider using sprintf_s instead. To disable deprecation, use _CRT_SECURE_NO_WARNINGS. See online help for details.
                 d:\Programs\C++ Visual Studio 2010 Express\VC\include\stdio.h(371) : see declaration of 'sprintf'
       Link:
         d:\Programs\C++ Visual Studio 2010 Express\VC\bin\link.exe /ERRORREPORT:PROMPT /OUT:"D:\Programming\Cygwin\home\Jared\Assignment1\SERVER\WIN32 server\Release\WIN32 server.exe" /INCREMENTAL:NO /NOLOGO kernel32.lib user32.lib gdi32.lib winspool.lib comdlg32.lib advapi32.lib shell32.lib ole32.lib oleaut32.lib uuid.lib odbc32.lib odbccp32.lib /MANIFEST /ManifestFile:"Release\WIN32 server.exe.intermediate.manifest" /MANIFESTUAC:"level='asInvoker' uiAccess='false'" /DEBUG /PDB:"D:\Programming\Cygwin\home\Jared\Assignment1\SERVER\WIN32 server\Release\WIN32 server.pdb" /SUBSYSTEM:CONSOLE /OPT:REF /OPT:ICF /LTCG /TLBID:1 /DYNAMICBASE /NXCOMPAT /IMPLIB:"D:\Programming\Cygwin\home\Jared\Assignment1\SERVER\WIN32 server\Release\WIN32 server.lib" /MACHINE:X86 Release\clocks.obj
         Release\file.obj
         Release\init.obj
         Release\listing.obj
         Release\main.obj
         Release\system.obj
         Generating code
     1>d:\programming\cygwin\home\jared\assignment1\server\system.c(20): warning C4789: destination of memory copy is too small
         Finished generating code
         WIN32 server.vcxproj -> D:\Programming\Cygwin\home\Jared\Assignment1\SERVER\WIN32 server\Release\WIN32 server.exe
       Manifest:
         C:\Program Files (x86)\Microsoft SDKs\Windows\v7.0A\bin\mt.exe /nologo /verbose /outputresource:"D:\Programming\Cygwin\home\Jared\Assignment1\SERVER\WIN32 server\Release\WIN32 server.exe;#1" /manifest "Release\WIN32 server.exe.intermediate.manifest"
       FinalizeBuildStatus:
         Deleting file "Release\WIN32 server.unsuccessfulbuild".
         Touching "Release\WIN32 server.lastbuildstate".
     1>Done Building Project "D:\Programming\Cygwin\home\Jared\Assignment1\SERVER\WIN32 server\WIN32 server\WIN32 server.vcxproj" (build target(s)).

Build succeeded.

Time Elapsed 00:00:00.66
