Build started 9/12/2014 12:08:29 PM.
     1>Project "D:\Programming\Cygwin\home\Jared\Assignment1\CLIENT\WIN32 client\WIN32 client\WIN32 client.vcxproj" on node 2 (build target(s)).
     1>InitializeBuildStatus:
         Creating "Release\WIN32 client.unsuccessfulbuild" because "AlwaysCreate" was specified.
       ClCompile:
         d:\Programs\C++ Visual Studio 2010 Express\VC\bin\CL.exe /c /Zi /nologo /W3 /WX- /O2 /Oi /Oy- /GL /D WIN32 /D NDEBUG /D _CONSOLE /D _UNICODE /D UNICODE /Gm- /EHsc /MD /GS /Gy /fp:precise /Zc:wchar_t /Zc:forScope /Fo"Release\\" /Fd"Release\vc100.pdb" /Gd /TC /analyze- /errorReport:prompt ..\..\display.c
         display.c
     1>..\..\display.c(36): warning C4013: 'writeToFile' undefined; assuming extern returning int
     1>..\..\display.c(42): warning C4013: 'writeLargeBlockToFile' undefined; assuming extern returning int
       Link:
         d:\Programs\C++ Visual Studio 2010 Express\VC\bin\link.exe /ERRORREPORT:PROMPT /OUT:"D:\Programming\Cygwin\home\Jared\Assignment1\CLIENT\WIN32 client\Release\WIN32 client.exe" /INCREMENTAL:NO /NOLOGO kernel32.lib user32.lib gdi32.lib winspool.lib comdlg32.lib advapi32.lib shell32.lib ole32.lib oleaut32.lib uuid.lib odbc32.lib odbccp32.lib /MANIFEST /ManifestFile:"Release\WIN32 client.exe.intermediate.manifest" /MANIFESTUAC:"level='asInvoker' uiAccess='false'" /DEBUG /PDB:"D:\Programming\Cygwin\home\Jared\Assignment1\CLIENT\WIN32 client\Release\WIN32 client.pdb" /SUBSYSTEM:CONSOLE /OPT:REF /OPT:ICF /LTCG /TLBID:1 /DYNAMICBASE /NXCOMPAT /IMPLIB:"D:\Programming\Cygwin\home\Jared\Assignment1\CLIENT\WIN32 client\Release\WIN32 client.lib" /MACHINE:X86 Release\display.obj
         Release\file.obj
         Release\init.obj
         Release\main.obj
         Release\sys.obj
         Release\time.obj
         Generating code
         Finished generating code
         WIN32 client.vcxproj -> D:\Programming\Cygwin\home\Jared\Assignment1\CLIENT\WIN32 client\Release\WIN32 client.exe
       Manifest:
         C:\Program Files (x86)\Microsoft SDKs\Windows\v7.0A\bin\mt.exe /nologo /verbose /outputresource:"D:\Programming\Cygwin\home\Jared\Assignment1\CLIENT\WIN32 client\Release\WIN32 client.exe;#1" /manifest "Release\WIN32 client.exe.intermediate.manifest"
       FinalizeBuildStatus:
         Deleting file "Release\WIN32 client.unsuccessfulbuild".
         Touching "Release\WIN32 client.lastbuildstate".
     1>Done Building Project "D:\Programming\Cygwin\home\Jared\Assignment1\CLIENT\WIN32 client\WIN32 client\WIN32 client.vcxproj" (build target(s)).

Build succeeded.

Time Elapsed 00:00:00.71
